d:\anas_projects\bankprojectp1\bankprojectp1\x64\debug\vc143.pdb
d:\anas_projects\bankprojectp1\bankprojectp1\x64\debug\vc143.idb
d:\anas_projects\bankprojectp1\bankprojectp1\x64\debug\source.obj
d:\anas_projects\bankprojectp1\bankprojectp1\x64\debug\clscurrencyscreen.obj
d:\anas_projects\bankprojectp1\bankprojectp1\x64\debug\clsshowcurrencieslist.obj
d:\anas_projects\bankprojectp1\x64\debug\bankprojectp1.exe
d:\anas_projects\bankprojectp1\x64\debug\bankprojectp1.pdb
d:\anas_projects\bankprojectp1\bankprojectp1\x64\debug\bankprojectp1.ilk
d:\anas_projects\bankprojectp1\bankprojectp1\x64\debug\source1.obj
d:\anas_projects\bankprojectp1\bankprojectp1\x64\debug\source.obj.enc
d:\anas_projects\bankprojectp1\bankprojectp1\x64\debug\bankprojectp1.tlog\cl.command.1.tlog
d:\anas_projects\bankprojectp1\bankprojectp1\x64\debug\bankprojectp1.tlog\cl.items.tlog
d:\anas_projects\bankprojectp1\bankprojectp1\x64\debug\bankprojectp1.tlog\cl.read.1.tlog
d:\anas_projects\bankprojectp1\bankprojectp1\x64\debug\bankprojectp1.tlog\cl.write.1.tlog
d:\anas_projects\bankprojectp1\bankprojectp1\x64\debug\bankprojectp1.tlog\link-cvtres.read.1.tlog
d:\anas_projects\bankprojectp1\bankprojectp1\x64\debug\bankprojectp1.tlog\link-cvtres.write.1.tlog
d:\anas_projects\bankprojectp1\bankprojectp1\x64\debug\bankprojectp1.tlog\link-rc.read.1.tlog
d:\anas_projects\bankprojectp1\bankprojectp1\x64\debug\bankprojectp1.tlog\link-rc.write.1.tlog
d:\anas_projects\bankprojectp1\bankprojectp1\x64\debug\bankprojectp1.tlog\link.26480-cvtres.read.1.tlog
d:\anas_projects\bankprojectp1\bankprojectp1\x64\debug\bankprojectp1.tlog\link.26480-cvtres.write.1.tlog
d:\anas_projects\bankprojectp1\bankprojectp1\x64\debug\bankprojectp1.tlog\link.26480-rc.read.1.tlog
d:\anas_projects\bankprojectp1\bankprojectp1\x64\debug\bankprojectp1.tlog\link.26480-rc.write.1.tlog
d:\anas_projects\bankprojectp1\bankprojectp1\x64\debug\bankprojectp1.tlog\link.26480.read.1.tlog
d:\anas_projects\bankprojectp1\bankprojectp1\x64\debug\bankprojectp1.tlog\link.26480.read.2.tlog
d:\anas_projects\bankprojectp1\bankprojectp1\x64\debug\bankprojectp1.tlog\link.26480.write.1.tlog
d:\anas_projects\bankprojectp1\bankprojectp1\x64\debug\bankprojectp1.tlog\link.command.1.tlog
d:\anas_projects\bankprojectp1\bankprojectp1\x64\debug\bankprojectp1.tlog\link.read.1.tlog
d:\anas_projects\bankprojectp1\bankprojectp1\x64\debug\bankprojectp1.tlog\link.read.2.tlog
d:\anas_projects\bankprojectp1\bankprojectp1\x64\debug\bankprojectp1.tlog\link.secondary.1.tlog
d:\anas_projects\bankprojectp1\bankprojectp1\x64\debug\bankprojectp1.tlog\link.write.1.tlog
